      1,      0.00,
      2,      0.00,
      3,      0.00,
      4,      0.00,
      5,      0.00,
      6,      0.00,
      7,      0.00,
      8,      0.00,
      9,      0.00,
     10,      0.00,
     11,      0.00,
     12,      0.00,
     13,      0.00,
     14,      0.00,
     15,      0.00,
     16,      0.00,
     17,      0.00,
     18,      0.00,
     19,      0.00,
     20,      0.00,
     21,      0.00,
     22,      0.00,
     23,      0.00,
     24,      0.00,
     25,      0.00,
     26,      0.00,
     27,      0.00,
     28,      0.00,
     29,      0.00,
     30,      0.00,
     31,      0.00,
     32,      0.00,
     33,      0.00,
     34,      0.00,
     35,      0.00,
     36,      0.00,
     37,      0.00,
     38,      0.00,
     39,      0.00,
     40,      0.00,
     41,      0.00,
     42,      0.00,
     43,      0.00,
     44,      0.00,
     45,      0.00,
     46,      0.00,
     47,      0.00,
     48,      0.00,
     49,      0.00,
     50,      0.00,
     51,      0.00,
     52,      0.00,
     53,      0.00,
     54,      0.00,
     55,      0.02,
     56,      0.04,
     57,      0.06,
     58,      0.08,
     59,      0.10,
     60,      0.12,
     61,      0.15,
     62,      0.17,
     63,      0.19,
     64,      0.21,
     65,      0.23,
     66,      0.25,
     67,      0.27,
     68,      0.29,
     69,      0.31,
     70,      0.33,
     71,      0.35,
     72,      0.37,
     73,      0.40,
     74,      0.42,
     75,      0.42,
     76,      0.42,
     77,      0.42,
     78,      0.42,
     79,      0.42,
     80,      0.42,
     81,      0.42,
     82,      0.42,
     83,      0.42,
     84,      0.42,
     85,      0.42,
     86,      0.42,
     87,      0.42,
     88,      0.42,
     89,      0.42,
     90,      0.42,
     91,      0.42,
     92,      0.42,
     93,      0.42,
     94,      0.42,
     95,      0.42,
     96,      0.42,
     97,      0.42,
     98,      0.42,
     99,      0.42,
    100,      0.42,
    101,      0.42,
    102,      0.42,
    103,      0.42,
    104,      0.42,
    105,      0.42,
    106,      0.42,
    107,      0.42,
    108,      0.42,
    109,      0.42,
    110,      0.42,
    111,      0.42,
    112,      0.42,
    113,      0.42,
    114,      0.42,
    115,      0.42,
    116,      0.42,
    117,      0.42,
    118,      0.42,
    119,      0.42,
    120,      0.42,
    121,      0.42,
    122,      0.42,
    123,      0.42,
    124,      0.42,
    125,      0.42,
    126,      0.42,
    127,      0.42,
    128,      0.42,
    129,      0.42,
    130,      0.42,
    131,      0.42,
    132,      0.44,
    133,      0.46,
    134,      0.48,
    135,      0.50,
    136,      0.52,
    137,      0.54,
    138,      0.56,
    139,      0.58,
    140,      0.60,
    141,      0.62,
    142,      0.65,
    143,      0.67,
    144,      0.69,
    145,      0.71,
    146,      0.73,
    147,      0.77,
    148,      0.81,
    149,      0.85,
    150,      0.90,
    151,      0.94,
    152,      0.96,
    153,      0.98,
    154,      1.00,
    155,      1.02,
    156,      1.04,
    157,      1.10,
    158,      1.17,
    159,      1.23,
    160,      1.29,
    161,      1.35,
    162,      1.42,
    163,      1.48,
    164,      1.54,
    165,      1.60,
    166,      1.67,
    167,      1.73,
    168,      1.79,
    169,      1.85,
    170,      1.92,
    171,      1.98,
    172,      2.04,
    173,      2.10,
    174,      2.17,
    175,      2.23,
    176,      2.31,
    177,      2.35,
    178,      2.40,
    179,      2.44,
    180,      2.48,
    181,      2.52,
    182,      2.56,
    183,      2.60,
    184,      2.65,
    185,      2.69,
    186,      2.73,
    187,      2.75,
    188,      2.77,
    189,      2.79,
    190,      2.81,
    191,      2.83,
    192,      2.85,
    193,      2.88,
    194,      2.90,
    195,      2.92,
    196,      2.92,
    197,      2.92,
    198,      2.92,
    199,      2.92,
    200,      2.92,
    201,      2.92,
    202,      2.92,
    203,      2.92,
    204,      2.96,
    205,      3.00,
    206,      3.04,
    207,      3.08,
    208,      3.12,
    209,      3.17,
    210,      3.21,
    211,      3.25,
    212,      3.29,
    213,      3.33,
    214,      3.35,
    215,      3.37,
    216,      3.40,
    217,      3.42,
    218,      3.44,
    219,      3.46,
    220,      3.48,
    221,      3.48,
    222,      3.48,
    223,      3.48,
    224,      3.44,
    225,      3.40,
    226,      3.35,
    227,      3.31,
    228,      3.25,
    229,      3.19,
    230,      3.12,
    231,      3.06,
    232,      3.00,
    233,      2.94,
    234,      2.90,
    235,      2.85,
    236,      2.81,
    237,      2.77,
    238,      2.69,
    239,      2.60,
    240,      2.52,
    241,      2.46,
    242,      2.40,
    243,      2.33,
    244,      2.27,
    245,      2.21,
    246,      2.15,
    247,      2.08,
    248,      2.06,
    249,      2.04,
    250,      2.02,
    251,      2.00,
    252,      1.98,
    253,      1.96,
    254,      1.94,
    255,      1.92,
    256,      1.90,
    257,      1.87,
    258,      1.90,
    259,      1.92,
    260,      1.94,
    261,      1.96,
    262,      1.98,
    263,      2.00,
    264,      2.02,
    265,      2.04,
    266,      2.06,
    267,      2.08,
    268,      2.08,
    269,      2.08,
    270,      2.08,
    271,      2.08,
    272,      2.10,
    273,      2.12,
    274,      2.15,
    275,      2.17,
    276,      2.19,
    277,      2.21,
    278,      2.23,
    279,      2.25,
    280,      2.29,
    281,      2.33,
    282,      2.38,
    283,      2.42,
    284,      2.46,
    285,      2.50,
    286,      2.54,
    287,      2.58,
    288,      2.63,
    289,      2.67,
    290,      2.71,
    291,      2.75,
    292,      2.83,
    293,      2.92,
    294,      3.00,
    295,      3.08,
    296,      3.17,
    297,      3.25,
    298,      3.33,
    299,      3.42,
    300,      3.48,
    301,      3.54,
    302,      3.67,
    303,      3.79,
    304,      3.92,
    305,      4.04,
    306,      4.17,
    307,      4.29,
    308,      4.42,
    309,      4.65,
    310,      4.88,
    311,      5.10,
    312,      5.27,
    313,      5.44,
    314,      5.60,
    315,      5.77,
    316,      5.94,
    317,      6.10,
    318,      6.31,
    319,      6.52,
    320,      6.73,
    321,      6.94,
    322,      7.08,
    323,      7.23,
    324,      7.37,
    325,      7.52,
    326,      7.92,
    327,      8.31,
    328,      8.71,
    329,      9.00,
    330,      9.29,
    331,      9.58,
    332,      9.88,
    333,     10.21,
    334,     10.54,
    335,     10.88,
    336,     11.21,
    337,     11.54,
    338,     11.83,
    339,     12.12,
    340,     12.42,
    341,     12.71,
    342,     13.00,
    343,     13.42,
    344,     13.83,
    345,     14.25,
    346,     14.42,
    347,     14.58,
    348,     14.75,
    349,     14.92,
    350,     15.08,
    351,     15.25,
    352,     15.42,
    353,     15.54,
    354,     15.67,
    355,     15.79,
    356,     16.02,
    357,     16.25,
    358,     16.48,
    359,     16.71,
    360,     16.94,
    361,     17.17,
    362,     17.40,
    363,     17.50,
    364,     17.60,
    365,     17.71,
    366,     17.83,
    367,     17.96,
    368,     18.08,
    369,     18.21,
    370,     18.33,
    371,     18.46,
    372,     18.58,
    373,     18.71,
    374,     18.83,
    375,     18.96,
    376,     18.98,
    377,     19.06,
    378,     19.15,
    379,     19.23,
    380,     19.31,
    381,     19.40,
    382,     19.48,
    383,     19.56,
    384,     19.65,
    385,     19.73,
    386,     19.79,
    387,     19.85,
    388,     19.92,
    389,     19.98,
    390,     20.00,
    391,     20.02,
    392,     20.04,
    393,     20.06,
    394,     20.08,
    395,     20.10,
    396,     20.12,
    397,     20.08,
    398,     20.04,
    399,     20.00,
    400,     19.96,
    401,     19.92,
    402,     19.96,
    403,     20.00,
    404,     20.04,
    405,     20.08,
    406,     20.12,
    407,     20.17,
    408,     20.21,
    409,     20.25,
    410,     20.33,
    411,     20.21,
    412,     20.08,
    413,     19.96,
    414,     19.83,
    415,     19.71,
    416,     19.58,
    417,     19.46,
    418,     19.33,
    419,     19.21,
    420,     19.12,
    421,     19.04,
    422,     18.88,
    423,     18.71,
    424,     18.54,
    425,     18.35,
    426,     18.17,
    427,     17.98,
    428,     17.79,
    429,     17.60,
    430,     17.42,
    431,     17.44,
    432,     17.46,
    433,     17.62,
    434,     17.79,
    435,     17.96,
    436,     18.12,
    437,     18.29,
    438,     18.46,
    439,     18.73,
    440,     18.96,
    441,     19.19,
    442,     19.42,
    443,     19.67,
    444,     19.92,
    445,     20.19,
    446,     20.46,
    447,     20.73,
    448,     21.00,
    449,     21.27,
    450,     21.54,
    451,     21.81,
    452,     22.08,
    453,     22.35,
    454,     22.62,
    455,     22.90,
    456,     23.17,
    457,     23.44,
    458,     23.71,
    459,     23.87,
    460,     24.04,
    461,     24.21,
    462,     24.37,
    463,     24.52,
    464,     24.67,
    465,     25.00,
    466,     25.33,
    467,     25.67,
    468,     26.00,
    469,     26.33,
    470,     26.67,
    471,     27.00,
    472,     27.33,
    473,     27.52,
    474,     27.75,
    475,     27.98,
    476,     28.21,
    477,     28.44,
    478,     28.67,
    479,     28.90,
    480,     29.12,
    481,     29.35,
    482,     29.58,
    483,     29.81,
    484,     30.15,
    485,     30.29,
    486,     30.44,
    487,     30.58,
    488,     30.73,
    489,     30.88,
    490,     31.02,
    491,     31.17,
    492,     31.31,
    493,     31.46,
    494,     31.60,
    495,     31.75,
    496,     31.90,
    497,     32.04,
    498,     32.44,
    499,     32.83,
    500,     33.23,
    501,     33.63,
    502,     34.02,
    503,     34.42,
    504,     34.85,
    505,     35.29,
    506,     35.73,
    507,     36.17,
    508,     36.60,
    509,     37.04,
    510,     37.48,
    511,     37.94,
    512,     38.40,
    513,     38.85,
    514,     39.27,
    515,     39.65,
    516,     40.02,
    517,     40.40,
    518,     40.52,
    519,     40.65,
    520,     40.77,
    521,     40.90,
    522,     41.02,
    523,     41.27,
    524,     41.37,
    525,     41.48,
    526,     41.58,
    527,     41.69,
    528,     41.79,
    529,     41.92,
    530,     42.04,
    531,     42.15,
    532,     42.25,
    533,     42.35,
    534,     42.46,
    535,     42.60,
    536,     42.75,
    537,     42.90,
    538,     43.04,
    539,     43.19,
    540,     43.33,
    541,     43.60,
    542,     43.88,
    543,     44.02,
    544,     44.17,
    545,     44.31,
    546,     44.75,
    547,     45.19,
    548,     45.63,
    549,     46.04,
    550,     46.46,
    551,     46.83,
    552,     47.21,
    553,     47.58,
    554,     47.96,
    555,     48.29,
    556,     48.62,
    557,     48.96,
    558,     49.29,
    559,     49.62,
    560,     49.96,
    561,     50.25,
    562,     50.54,
    563,     50.83,
    564,     51.13,
    565,     51.42,
    566,     51.42,
    567,     51.42,
    568,     51.42,
    569,     51.42,
    570,     51.75,
    571,     52.12,
    572,     52.50,
    573,     52.88,
    574,     53.25,
    575,     53.67,
    576,     54.08,
    577,     54.50,
    578,     54.83,
    579,     55.17,
    580,     55.50,
    581,     55.75,
    582,     56.00,
    583,     56.25,
    584,     56.62,
    585,     57.00,
    586,     57.37,
    587,     57.75,
    588,     58.12,
    589,     58.58,
    590,     58.71,
    591,     58.83,
    592,     58.96,
    593,     59.08,
    594,     59.23,
    595,     59.38,
    596,     59.52,
    597,     59.67,
    598,     59.65,
    599,     59.63,
    600,     59.60,
    601,     59.58,
    602,     59.56,
    603,     59.54,
    604,     59.46,
    605,     59.38,
    606,     59.29,
    607,     59.21,
    608,     59.12,
    609,     58.96,
    610,     58.85,
    611,     58.75,
    612,     58.65,
    613,     58.54,
    614,     58.42,
    615,     58.29,
    616,     58.17,
    617,     58.04,
    618,     58.08,
    619,     58.12,
    620,     58.17,
    621,     58.21,
    622,     58.25,
    623,     58.29,
    624,     58.27,
    625,     58.25,
    626,     58.10,
    627,     57.96,
    628,     57.81,
    629,     57.67,
    630,     57.46,
    631,     57.25,
    632,     57.04,
    633,     56.83,
    634,     56.63,
    635,     56.42,
    636,     56.06,
    637,     55.71,
    638,     55.44,
    639,     55.17,
    640,     54.90,
    641,     54.63,
    642,     54.35,
    643,     54.08,
    644,     53.90,
    645,     53.71,
    646,     53.85,
    647,     54.00,
    648,     54.15,
    649,     54.29,
    650,     54.52,
    651,     54.75,
    652,     54.98,
    653,     55.40,
    654,     55.81,
    655,     56.23,
    656,     56.79,
    657,     57.35,
    658,     57.90,
    659,     58.44,
    660,     58.98,
    661,     59.52,
    662,     60.06,
    663,     60.60,
    664,     61.15,
    665,     61.69,
    666,     62.02,
    667,     62.35,
    668,     62.69,
    669,     63.02,
    670,     63.35,
    671,     63.69,
    672,     64.02,
    673,     64.17,
    674,     64.31,
    675,     64.58,
    676,     64.85,
    677,     65.12,
    678,     65.42,
    679,     65.71,
    680,     66.00,
    681,     66.29,
    682,     66.79,
    683,     67.29,
    684,     67.71,
    685,     68.12,
    686,     68.54,
    687,     68.96,
    688,     69.37,
    689,     69.69,
    690,     69.92,
    691,     70.15,
    692,     70.38,
    693,     70.58,
    694,     70.79,
    695,     70.88,
    696,     70.96,
    697,     71.13,
    698,     71.29,
    699,     71.46,
    700,     71.63,
    701,     71.79,
    702,     71.75,
    703,     71.73,
    704,     71.71,
    705,     71.69,
    706,     71.67,
    707,     71.65,
    708,     71.62,
    709,     71.71,
    710,     71.83,
    711,     71.96,
    712,     72.08,
    713,     72.23,
    714,     72.38,
    715,     72.52,
    716,     72.65,
    717,     72.69,
    718,     72.73,
    719,     72.77,
    720,     72.79,
    721,     72.81,
    722,     72.83,
    723,     72.83,
    724,     72.73,
    725,     72.62,
    726,     72.52,
    727,     72.42,
    728,     72.31,
    729,     72.25,
    730,     72.15,
    731,     72.04,
    732,     71.94,
    733,     71.83,
    734,     71.73,
    735,     71.63,
    736,     71.54,
    737,     71.38,
    738,     71.21,
    739,     71.04,
    740,     70.90,
    741,     70.75,
    742,     70.60,
    743,     70.46,
    744,     70.42,
    745,     70.33,
    746,     70.25,
    747,     70.17,
    748,     70.08,
    749,     69.96,
    750,     69.77,
    751,     69.58,
    752,     69.40,
    753,     69.21,
    754,     69.02,
    755,     68.83,
    756,     68.65,
    757,     68.58,
    758,     68.52,
    759,     68.46,
    760,     68.40,
    761,     68.33,
    762,     68.27,
    763,     68.21,
    764,     68.19,
    765,     68.21,
    766,     68.23,
    767,     68.25,
    768,     68.27,
    769,     68.29,
    770,     68.38,
    771,     68.46,
    772,     68.54,
    773,     68.62,
    774,     68.71,
    775,     68.71,
    776,     68.71,
    777,     68.67,
    778,     68.62,
    779,     68.58,
    780,     68.54,
    781,     68.50,
    782,     68.58,
    783,     68.67,
    784,     68.71,
    785,     68.75,
    786,     68.79,
    787,     68.83,
    788,     68.87,
    789,     68.92,
    790,     68.98,
    791,     69.04,
    792,     69.10,
    793,     69.17,
    794,     69.23,
    795,     69.37,
    796,     69.52,
    797,     69.67,
    798,     69.81,
    799,     69.98,
    800,     70.15,
    801,     70.31,
    802,     70.35,
    803,     70.40,
    804,     70.44,
    805,     70.48,
    806,     70.52,
    807,     70.56,
    808,     70.60,
    809,     70.65,
    810,     70.67,
    811,     70.69,
    812,     70.71,
    813,     70.50,
    814,     70.29,
    815,     70.08,
    816,     69.87,
    817,     69.67,
    818,     69.46,
    819,     69.23,
    820,     69.00,
    821,     68.77,
    822,     68.54,
    823,     68.35,
    824,     68.17,
    825,     67.98,
    826,     67.79,
    827,     67.60,
    828,     67.42,
    829,     67.23,
    830,     67.04,
    831,     66.79,
    832,     66.54,
    833,     66.52,
    834,     66.50,
    835,     66.44,
    836,     66.38,
    837,     66.31,
    838,     66.25,
    839,     66.19,
    840,     66.31,
    841,     66.44,
    842,     66.56,
    843,     66.65,
    844,     66.73,
    845,     66.81,
    846,     66.94,
    847,     67.06,
    848,     67.19,
    849,     67.31,
    850,     67.44,
    851,     67.62,
    852,     67.81,
    853,     68.00,
    854,     68.19,
    855,     68.42,
    856,     68.65,
    857,     68.87,
    858,     69.10,
    859,     69.27,
    860,     69.25,
    861,     69.23,
    862,     69.21,
    863,     69.19,
    864,     69.17,
    865,     69.15,
    866,     69.08,
    867,     69.02,
    868,     68.96,
    869,     68.90,
    870,     68.73,
    871,     68.56,
    872,     68.40,
    873,     68.23,
    874,     68.06,
    875,     67.90,
    876,     67.73,
    877,     67.52,
    878,     67.31,
    879,     67.17,
    880,     67.02,
    881,     66.88,
    882,     66.73,
    883,     66.58,
    884,     66.44,
    885,     66.52,
    886,     66.60,
    887,     66.69,
    888,     66.77,
    889,     66.85,
    890,     67.04,
    891,     67.23,
    892,     67.42,
    893,     67.56,
    894,     67.71,
    895,     67.85,
    896,     68.00,
    897,     68.19,
    898,     68.37,
    899,     68.48,
    900,     68.58,
    901,     68.69,
    902,     68.79,
    903,     68.90,
    904,     69.00,
    905,     68.88,
    906,     68.77,
    907,     68.67,
    908,     68.56,
    909,     68.46,
    910,     68.35,
    911,     68.25,
    912,     68.15,
    913,     68.00,
    914,     67.85,
    915,     67.71,
    916,     67.40,
    917,     67.08,
    918,     66.77,
    919,     66.54,
    920,     66.31,
    921,     66.08,
    922,     65.85,
    923,     65.62,
    924,     65.40,
    925,     65.17,
    926,     64.98,
    927,     64.79,
    928,     64.60,
    929,     64.42,
    930,     64.23,
    931,     64.04,
    932,     63.85,
    933,     63.75,
    934,     63.65,
    935,     63.54,
    936,     63.60,
    937,     63.88,
    938,     64.15,
    939,     64.42,
    940,     64.69,
    941,     64.96,
    942,     65.23,
    943,     65.50,
    944,     65.75,
    945,     66.00,
    946,     66.19,
    947,     66.38,
    948,     66.56,
    949,     66.75,
    950,     66.94,
    951,     67.00,
    952,     67.06,
    953,     67.13,
    954,     67.19,
    955,     67.25,
    956,     67.31,
    957,     67.17,
    958,     66.94,
    959,     66.71,
    960,     66.48,
    961,     66.25,
    962,     66.02,
    963,     65.79,
    964,     65.58,
    965,     65.48,
    966,     65.37,
    967,     65.27,
    968,     65.17,
    969,     65.06,
    970,     64.96,
    971,     64.98,
    972,     65.00,
    973,     65.02,
    974,     65.12,
    975,     65.23,
    976,     65.33,
    977,     65.44,
    978,     65.63,
    979,     65.81,
    980,     66.00,
    981,     66.19,
    982,     66.38,
    983,     66.60,
    984,     66.83,
    985,     66.96,
    986,     67.08,
    987,     67.35,
    988,     67.63,
    989,     67.90,
    990,     68.17,
    991,     68.44,
    992,     68.65,
    993,     68.85,
    994,     68.98,
    995,     69.10,
    996,     69.15,
    997,     69.19,
    998,     69.23,
    999,     69.27,
   1000,     69.31,
   1001,     69.38,
   1002,     69.44,
   1003,     69.46,
   1004,     69.48,
   1005,     69.50,
   1006,     69.52,
   1007,     69.40,
   1008,     69.27,
   1009,     69.25,
   1010,     69.23,
   1011,     69.21,
   1012,     69.25,
   1013,     69.29,
   1014,     69.33,
   1015,     69.38,
   1016,     69.50,
   1017,     69.69,
   1018,     69.88,
   1019,     70.06,
   1020,     70.25,
   1021,     70.42,
   1022,     70.58,
   1023,     70.75,
   1024,     70.92,
   1025,     71.08,
   1026,     71.12,
   1027,     71.17,
   1028,     71.21,
   1029,     71.15,
   1030,     71.08,
   1031,     71.02,
   1032,     70.96,
   1033,     70.90,
   1034,     70.75,
   1035,     70.60,
   1036,     70.46,
   1037,     70.25,
   1038,     70.04,
   1039,     69.83,
   1040,     69.62,
   1041,     69.42,
   1042,     69.17,
   1043,     68.92,
   1044,     68.67,
   1045,     68.42,
   1046,     68.29,
   1047,     68.10,
   1048,     67.92,
   1049,     67.73,
   1050,     67.54,
   1051,     67.35,
   1052,     67.17,
   1053,     67.00,
   1054,     66.92,
   1055,     66.83,
   1056,     66.75,
   1057,     66.67,
   1058,     66.58,
   1059,     66.50,
   1060,     66.37,
   1061,     66.25,
   1062,     66.17,
   1063,     66.08,
   1064,     66.00,
   1065,     65.92,
   1066,     65.83,
   1067,     65.81,
   1068,     65.75,
   1069,     65.69,
   1070,     65.63,
   1071,     65.56,
   1072,     65.50,
   1073,     65.42,
   1074,     65.33,
   1075,     65.25,
   1076,     65.17,
   1077,     65.08,
   1078,     65.00,
   1079,     64.92,
   1080,     64.81,
   1081,     64.71,
   1082,     64.60,
   1083,     64.50,
   1084,     64.40,
   1085,     64.29,
   1086,     64.19,
   1087,     64.08,
   1088,     64.02,
   1089,     63.96,
   1090,     63.96,
   1091,     63.96,
   1092,     63.96,
   1093,     63.96,
   1094,     64.02,
   1095,     64.08,
   1096,     64.15,
   1097,     64.21,
   1098,     64.27,
   1099,     64.33,
   1100,     64.42,
   1101,     64.50,
   1102,     64.58,
   1103,     64.67,
   1104,     64.75,
   1105,     64.83,
   1106,     64.96,
   1107,     65.08,
   1108,     65.21,
   1109,     65.33,
   1110,     65.40,
   1111,     65.46,
   1112,     65.52,
   1113,     65.58,
   1114,     65.65,
   1115,     65.71,
   1116,     65.77,
   1117,     65.83,
   1118,     65.90,
   1119,     65.96,
   1120,     66.06,
   1121,     66.17,
   1122,     66.27,
   1123,     66.48,
   1124,     66.69,
   1125,     66.90,
   1126,     67.06,
   1127,     67.23,
   1128,     67.40,
   1129,     67.37,
   1130,     67.35,
   1131,     67.33,
   1132,     67.31,
   1133,     67.25,
   1134,     67.12,
   1135,     67.00,
   1136,     66.88,
   1137,     66.75,
   1138,     66.63,
   1139,     66.50,
   1140,     66.38,
   1141,     66.25,
   1142,     66.13,
   1143,     65.90,
   1144,     65.44,
   1145,     64.98,
   1146,     64.52,
   1147,     64.06,
   1148,     63.60,
   1149,     63.19,
   1150,     62.77,
   1151,     62.35,
   1152,     61.94,
   1153,     61.56,
   1154,     61.19,
   1155,     60.81,
   1156,     60.44,
   1157,     60.00,
   1158,     59.56,
   1159,     59.12,
   1160,     58.69,
   1161,     58.25,
   1162,     57.81,
   1163,     57.38,
   1164,     56.88,
   1165,     56.38,
   1166,     55.88,
   1167,     55.38,
   1168,     54.88,
   1169,     54.52,
   1170,     53.88,
   1171,     53.23,
   1172,     52.58,
   1173,     51.94,
   1174,     51.29,
   1175,     50.65,
   1176,     49.77,
   1177,     48.96,
   1178,     48.15,
   1179,     47.33,
   1180,     46.52,
   1181,     45.71,
   1182,     44.90,
   1183,     44.00,
   1184,     43.40,
   1185,     42.79,
   1186,     42.19,
   1187,     41.58,
   1188,     40.98,
   1189,     40.25,
   1190,     39.81,
   1191,     39.37,
   1192,     38.94,
   1193,     38.50,
   1194,     38.06,
   1195,     37.63,
   1196,     37.21,
   1197,     36.79,
   1198,     36.38,
   1199,     35.96,
   1200,     35.54,
   1201,     35.12,
   1202,     34.71,
   1203,     34.27,
   1204,     33.83,
   1205,     33.40,
   1206,     32.96,
   1207,     32.52,
   1208,     32.08,
   1209,     31.77,
   1210,     31.46,
   1211,     31.15,
   1212,     30.83,
   1213,     30.52,
   1214,     30.21,
   1215,     29.90,
   1216,     29.79,
   1217,     29.69,
   1218,     29.58,
   1219,     29.48,
   1220,     29.38,
   1221,     29.27,
   1222,     29.00,
   1223,     28.83,
   1224,     28.67,
   1225,     28.50,
   1226,     28.33,
   1227,     28.17,
   1228,     28.00,
   1229,     27.83,
   1230,     27.67,
   1231,     27.50,
   1232,     27.33,
   1233,     27.17,
   1234,     27.00,
   1235,     26.83,
   1236,     26.67,
   1237,     26.50,
   1238,     26.33,
   1239,     26.13,
   1240,     25.92,
   1241,     25.71,
   1242,     25.67,
   1243,     25.62,
   1244,     25.62,
   1245,     25.62,
   1246,     25.62,
   1247,     25.62,
   1248,     25.62,
   1249,     25.62,
   1250,     25.58,
   1251,     25.54,
   1252,     25.50,
   1253,     25.46,
   1254,     25.42,
   1255,     25.29,
   1256,     25.17,
   1257,     25.04,
   1258,     24.92,
   1259,     24.83,
   1260,     24.75,
   1261,     24.67,
   1262,     24.67,
   1263,     24.67,
   1264,     24.62,
   1265,     24.58,
   1266,     24.54,
   1267,     24.50,
   1268,     24.46,
   1269,     24.42,
   1270,     24.40,
   1271,     24.38,
   1272,     24.35,
   1273,     24.33,
   1274,     24.31,
   1275,     24.38,
   1276,     24.44,
   1277,     24.50,
   1278,     24.56,
   1279,     24.63,
   1280,     24.69,
   1281,     24.75,
   1282,     24.73,
   1283,     24.71,
   1284,     24.69,
   1285,     24.67,
   1286,     24.65,
   1287,     24.63,
   1288,     24.60,
   1289,     24.58,
   1290,     24.58,
   1291,     24.58,
   1292,     24.58,
   1293,     24.58,
   1294,     24.58,
   1295,     24.58,
   1296,     24.58,
   1297,     24.58,
   1298,     24.56,
   1299,     24.54,
   1300,     24.52,
   1301,     24.50,
   1302,     24.48,
   1303,     24.46,
   1304,     24.44,
   1305,     24.42,
   1306,     24.40,
   1307,     24.37,
   1308,     24.35,
   1309,     24.33,
   1310,     24.31,
   1311,     24.29,
   1312,     24.27,
   1313,     24.25,
   1314,     24.23,
   1315,     24.21,
   1316,     24.29,
   1317,     24.38,
   1318,     24.48,
   1319,     24.58,
   1320,     24.69,
   1321,     24.79,
   1322,     24.90,
   1323,     25.00,
   1324,     25.10,
   1325,     25.21,
   1326,     25.31,
   1327,     25.42,
   1328,     25.52,
   1329,     25.63,
   1330,     25.58,
   1331,     25.56,
   1332,     25.54,
   1333,     25.52,
   1334,     25.52,
   1335,     25.52,
   1336,     25.42,
   1337,     25.31,
   1338,     25.21,
   1339,     25.10,
   1340,     24.94,
   1341,     24.77,
   1342,     24.60,
   1343,     24.44,
   1344,     24.27,
   1345,     24.10,
   1346,     23.94,
   1347,     23.69,
   1348,     23.44,
   1349,     23.19,
   1350,     23.08,
   1351,     22.96,
   1352,     22.83,
   1353,     22.71,
   1354,     22.56,
   1355,     22.31,
   1356,     22.06,
   1357,     21.81,
   1358,     21.56,
   1359,     21.31,
   1360,     21.12,
   1361,     20.94,
   1362,     20.75,
   1363,     20.56,
   1364,     20.37,
   1365,     20.19,
   1366,     20.00,
   1367,     19.90,
   1368,     19.79,
   1369,     19.69,
   1370,     19.58,
   1371,     19.48,
   1372,     19.37,
   1373,     19.27,
   1374,     19.17,
   1375,     19.17,
   1376,     19.17,
   1377,     19.17,
   1378,     19.17,
   1379,     19.17,
   1380,     19.17,
   1381,     19.17,
   1382,     19.17,
   1383,     19.17,
   1384,     19.17,
   1385,     19.17,
   1386,     19.17,
   1387,     19.21,
   1388,     19.25,
   1389,     19.29,
   1390,     19.33,
   1391,     19.38,
   1392,     19.42,
   1393,     19.46,
   1394,     19.50,
   1395,     19.54,
   1396,     19.58,
   1397,     19.46,
   1398,     19.33,
   1399,     19.21,
   1400,     19.08,
   1401,     18.96,
   1402,     18.83,
   1403,     18.73,
   1404,     18.62,
   1405,     18.52,
   1406,     18.42,
   1407,     18.15,
   1408,     17.87,
   1409,     17.60,
   1410,     17.33,
   1411,     17.04,
   1412,     16.75,
   1413,     16.46,
   1414,     16.17,
   1415,     15.88,
   1416,     15.58,
   1417,     15.46,
   1418,     15.33,
   1419,     15.21,
   1420,     15.08,
   1421,     14.96,
   1422,     14.79,
   1423,     14.60,
   1424,     14.42,
   1425,     14.23,
   1426,     14.04,
   1427,     13.98,
   1428,     13.92,
   1429,     13.79,
   1430,     13.67,
   1431,     13.56,
   1432,     13.46,
   1433,     13.35,
   1434,     13.25,
   1435,     13.15,
   1436,     13.10,
   1437,     13.06,
   1438,     13.02,
   1439,     12.98,
   1440,     12.94,
   1441,     12.90,
   1442,     12.90,
   1443,     12.90,
   1444,     12.90,
   1445,     12.90,
   1446,     12.90,
   1447,     12.90,
   1448,     12.77,
   1449,     12.71,
   1450,     12.65,
   1451,     12.58,
   1452,     12.52,
   1453,     12.46,
   1454,     12.40,
   1455,     12.33,
   1456,     12.21,
   1457,     12.08,
   1458,     11.96,
   1459,     11.83,
   1460,     11.71,
   1461,     11.58,
   1462,     11.50,
   1463,     11.42,
   1464,     11.33,
   1465,     11.25,
   1466,     11.17,
   1467,     11.08,
   1468,     11.12,
   1469,     11.17,
   1470,     11.21,
   1471,     11.29,
   1472,     11.37,
   1473,     11.46,
   1474,     11.54,
   1475,     11.75,
   1476,     11.96,
   1477,     12.17,
   1478,     12.37,
   1479,     12.90,
   1480,     13.42,
   1481,     13.94,
   1482,     14.42,
   1483,     14.90,
   1484,     15.44,
   1485,     15.98,
   1486,     16.52,
   1487,     17.06,
   1488,     17.60,
   1489,     18.15,
   1490,     18.69,
   1491,     19.19,
   1492,     19.73,
   1493,     20.27,
   1494,     20.81,
   1495,     21.23,
   1496,     21.65,
   1497,     22.06,
   1498,     22.48,
   1499,     22.58,
   1500,     22.69,
   1501,     22.79,
   1502,     22.90,
   1503,     23.21,
   1504,     23.46,
   1505,     23.71,
   1506,     23.96,
   1507,     24.21,
   1508,     24.46,
   1509,     24.71,
   1510,     24.96,
   1511,     25.21,
   1512,     25.35,
   1513,     25.50,
   1514,     25.65,
   1515,     25.79,
   1516,     25.94,
   1517,     26.08,
   1518,     26.23,
   1519,     26.38,
   1520,     26.62,
   1521,     26.88,
   1522,     27.13,
   1523,     27.17,
   1524,     27.21,
   1525,     27.25,
   1526,     27.29,
   1527,     27.33,
   1528,     27.37,
   1529,     27.42,
   1530,     27.37,
   1531,     27.33,
   1532,     27.35,
   1533,     27.37,
   1534,     27.40,
   1535,     27.42,
   1536,     27.44,
   1537,     27.44,
   1538,     27.44,
   1539,     27.44,
   1540,     27.33,
   1541,     27.23,
   1542,     27.12,
   1543,     26.85,
   1544,     26.58,
   1545,     26.31,
   1546,     26.04,
   1547,     25.77,
   1548,     25.21,
   1549,     24.65,
   1550,     24.17,
   1551,     23.69,
   1552,     23.21,
   1553,     22.73,
   1554,     22.25,
   1555,     21.77,
   1556,     21.29,
   1557,     20.83,
   1558,     20.38,
   1559,     19.79,
   1560,     19.21,
   1561,     18.63,
   1562,     18.04,
   1563,     17.63,
   1564,     17.21,
   1565,     16.79,
   1566,     16.38,
   1567,     15.96,
   1568,     15.83,
   1569,     15.71,
   1570,     15.58,
   1571,     15.35,
   1572,     15.13,
   1573,     14.90,
   1574,     14.67,
   1575,     14.44,
   1576,     14.21,
   1577,     13.98,
   1578,     13.75,
   1579,     13.65,
   1580,     13.54,
   1581,     13.44,
   1582,     13.33,
   1583,     13.23,
   1584,     13.10,
   1585,     12.98,
   1586,     12.85,
   1587,     12.73,
   1588,     12.60,
   1589,     12.48,
   1590,     12.35,
   1591,     12.33,
   1592,     12.31,
   1593,     12.37,
   1594,     12.44,
   1595,     12.50,
   1596,     12.56,
   1597,     12.69,
   1598,     12.81,
   1599,     12.94,
   1600,     13.06,
   1601,     13.19,
   1602,     13.42,
   1603,     13.65,
   1604,     13.90,
   1605,     14.15,
   1606,     14.40,
   1607,     14.65,
   1608,     14.90,
   1609,     15.15,
   1610,     15.40,
   1611,     15.65,
   1612,     15.90,
   1613,     16.06,
   1614,     16.23,
   1615,     16.40,
   1616,     16.56,
   1617,     16.67,
   1618,     16.77,
   1619,     16.88,
   1620,     16.98,
   1621,     17.08,
   1622,     17.08,
   1623,     17.08,
   1624,     17.02,
   1625,     16.96,
   1626,     16.90,
   1627,     16.83,
   1628,     16.77,
   1629,     16.71,
   1630,     16.65,
   1631,     16.62,
   1632,     16.60,
   1633,     16.58,
   1634,     16.56,
   1635,     16.54,
   1636,     16.52,
   1637,     16.50,
   1638,     16.48,
   1639,     16.46,
   1640,     16.44,
   1641,     16.42,
   1642,     16.40,
   1643,     16.37,
   1644,     16.42,
   1645,     16.46,
   1646,     16.50,
   1647,     16.54,
   1648,     16.58,
   1649,     16.62,
   1650,     16.65,
   1651,     16.62,
   1652,     16.60,
   1653,     16.58,
   1654,     16.56,
   1655,     16.54,
   1656,     16.52,
   1657,     16.50,
   1658,     16.48,
   1659,     16.33,
   1660,     16.19,
   1661,     16.04,
   1662,     15.90,
   1663,     15.77,
   1664,     15.65,
   1665,     15.52,
   1666,     15.40,
   1667,     15.12,
   1668,     14.85,
   1669,     14.58,
   1670,     14.33,
   1671,     14.08,
   1672,     13.83,
   1673,     13.65,
   1674,     13.46,
   1675,     13.27,
   1676,     13.08,
   1677,     12.90,
   1678,     12.71,
   1679,     12.65,
   1680,     12.58,
   1681,     12.52,
   1682,     12.50,
   1683,     12.46,
   1684,     12.42,
   1685,     12.38,
   1686,     12.33,
   1687,     12.44,
   1688,     12.54,
   1689,     12.65,
   1690,     12.75,
   1691,     12.92,
   1692,     13.08,
   1693,     13.19,
   1694,     13.29,
   1695,     13.40,
   1696,     13.50,
   1697,     13.60,
   1698,     13.71,
   1699,     13.85,
   1700,     14.00,
   1701,     14.15,
   1702,     14.25,
   1703,     14.35,
   1704,     14.46,
   1705,     14.60,
   1706,     14.75,
   1707,     14.90,
   1708,     15.04,
   1709,     15.19,
   1710,     15.42,
   1711,     15.58,
   1712,     15.75,
   1713,     15.92,
   1714,     16.08,
   1715,     16.25,
   1716,     16.54,
   1717,     16.83,
   1718,     17.12,
   1719,     17.38,
   1720,     17.62,
   1721,     17.88,
   1722,     18.15,
   1723,     18.42,
   1724,     18.69,
   1725,     18.92,
   1726,     19.15,
   1727,     19.38,
   1728,     19.60,
   1729,     19.79,
   1730,     19.90,
   1731,     20.00,
   1732,     20.10,
   1733,     20.21,
   1734,     20.31,
   1735,     20.35,
   1736,     20.27,
   1737,     20.19,
   1738,     20.10,
   1739,     20.02,
   1740,     19.94,
   1741,     19.85,
   1742,     19.75,
   1743,     19.69,
   1744,     19.62,
   1745,     19.56,
   1746,     19.50,
   1747,     19.44,
   1748,     19.37,
   1749,     19.35,
   1750,     19.33,
   1751,     19.31,
   1752,     19.29,
   1753,     19.27,
   1754,     19.23,
   1755,     19.25,
   1756,     19.27,
   1757,     19.29,
   1758,     19.31,
   1759,     19.33,
   1760,     19.35,
   1761,     19.33,
   1762,     19.31,
   1763,     19.25,
   1764,     19.19,
   1765,     19.17,
   1766,     19.15,
   1767,     19.13,
   1768,     19.10,
   1769,     19.08,
   1770,     19.00,
   1771,     18.92,
   1772,     18.83,
   1773,     18.63,
   1774,     18.44,
   1775,     18.25,
   1776,     18.06,
   1777,     17.88,
   1778,     17.69,
   1779,     17.50,
   1780,     17.42,
   1781,     17.38,
   1782,     17.33,
   1783,     17.29,
   1784,     17.25,
   1785,     17.17,
   1786,     17.12,
   1787,     17.08,
   1788,     17.04,
   1789,     17.00,
   1790,     17.02,
   1791,     17.04,
   1792,     17.04,
   1793,     17.17,
   1794,     17.29,
   1795,     17.42,
   1796,     17.54,
   1797,     17.67,
   1798,     17.79,
   1799,     17.92,
   1800,     17.94,
   1801,     17.96,
   1802,     17.98,
   1803,     18.00,
   1804,     18.02,
   1805,     18.04,
   1806,     18.00,
   1807,     17.96,
   1808,     17.92,
   1809,     17.88,
   1810,     17.83,
   1811,     17.79,
   1812,     17.77,
   1813,     17.75,
   1814,     17.73,
   1815,     17.71,
   1816,     17.69,
   1817,     17.67,
   1818,     17.65,
   1819,     17.62,
   1820,     17.60,
   1821,     17.58,
   1822,     17.56,
   1823,     17.54,
   1824,     17.60,
   1825,     17.67,
   1826,     17.75,
   1827,     17.83,
   1828,     17.92,
   1829,     18.00,
   1830,     18.08,
   1831,     18.37,
   1832,     18.67,
   1833,     18.96,
   1834,     19.25,
   1835,     19.54,
   1836,     19.83,
   1837,     20.12,
   1838,     20.27,
   1839,     20.42,
   1840,     20.56,
   1841,     20.71,
   1842,     20.85,
   1843,     21.00,
   1844,     21.06,
   1845,     21.12,
   1846,     21.19,
   1847,     21.25,
   1848,     21.31,
   1849,     21.37,
   1850,     21.44,
   1851,     21.29,
   1852,     21.15,
   1853,     21.00,
   1854,     20.85,
   1855,     20.77,
   1856,     20.69,
   1857,     20.60,
   1858,     20.67,
   1859,     20.73,
   1860,     20.79,
   1861,     20.85,
   1862,     20.92,
   1863,     20.98,
   1864,     21.04,
   1865,     21.10,
   1866,     21.17,
   1867,     21.23,
   1868,     21.50,
   1869,     21.77,
   1870,     22.04,
   1871,     22.31,
   1872,     22.58,
   1873,     22.85,
   1874,     23.08,
   1875,     23.25,
   1876,     23.42,
   1877,     23.58,
   1878,     23.75,
   1879,     23.92,
   1880,     24.08,
   1881,     24.25,
   1882,     24.42,
   1883,     24.58,
   1884,     24.75,
   1885,     24.98,
   1886,     25.21,
   1887,     25.44,
   1888,     25.46,
   1889,     25.48,
   1890,     25.50,
   1891,     25.52,
   1892,     25.54,
   1893,     25.56,
   1894,     25.88,
   1895,     26.19,
   1896,     26.50,
   1897,     26.81,
   1898,     27.13,
   1899,     27.44,
   1900,     27.75,
   1901,     28.06,
   1902,     28.38,
   1903,     28.69,
   1904,     29.00,
   1905,     29.25,
   1906,     29.50,
   1907,     29.75,
   1908,     30.00,
   1909,     30.25,
   1910,     30.50,
   1911,     30.79,
   1912,     31.08,
   1913,     31.37,
   1914,     31.42,
   1915,     31.46,
   1916,     31.50,
   1917,     31.54,
   1918,     31.58,
   1919,     31.62,
   1920,     31.67,
   1921,     31.71,
   1922,     31.75,
   1923,     31.79,
   1924,     31.83,
   1925,     31.87,
   1926,     31.92,
   1927,     31.96,
   1928,     32.00,
   1929,     32.04,
   1930,     32.08,
   1931,     32.08,
   1932,     32.08,
   1933,     32.08,
   1934,     32.08,
   1935,     32.08,
   1936,     32.08,
   1937,     32.10,
   1938,     32.12,
   1939,     32.15,
   1940,     32.17,
   1941,     32.19,
   1942,     32.21,
   1943,     32.23,
   1944,     32.25,
   1945,     32.60,
   1946,     32.96,
   1947,     33.31,
   1948,     33.67,
   1949,     34.02,
   1950,     34.38,
   1951,     34.73,
   1952,     35.08,
   1953,     35.44,
   1954,     35.79,
   1955,     36.15,
   1956,     36.50,
   1957,     36.83,
   1958,     37.17,
   1959,     37.50,
   1960,     37.83,
   1961,     38.17,
   1962,     38.50,
   1963,     39.12,
   1964,     39.75,
   1965,     40.04,
   1966,     40.33,
   1967,     40.62,
   1968,     40.92,
   1969,     41.21,
   1970,     41.50,
   1971,     41.79,
   1972,     42.08,
   1973,     42.37,
   1974,     42.67,
   1975,     42.96,
   1976,     43.38,
   1977,     43.79,
   1978,     44.21,
   1979,     44.62,
   1980,     45.04,
   1981,     45.46,
   1982,     45.87,
   1983,     46.00,
   1984,     46.35,
   1985,     46.71,
   1986,     47.06,
   1987,     47.42,
   1988,     47.77,
   1989,     48.12,
   1990,     48.48,
   1991,     48.83,
   1992,     49.19,
   1993,     49.54,
   1994,     49.90,
   1995,     50.25,
   1996,     50.67,
   1997,     51.08,
   1998,     51.50,
   1999,     51.92,
   2000,     52.33,
   2001,     52.75,
   2002,     53.17,
   2003,     53.58,
   2004,     53.77,
   2005,     54.08,
   2006,     54.40,
   2007,     54.71,
   2008,     55.02,
   2009,     55.33,
   2010,     55.65,
   2011,     55.96,
   2012,     56.27,
   2013,     56.58,
   2014,     56.90,
   2015,     57.29,
   2016,     57.50,
   2017,     57.71,
   2018,     57.92,
   2019,     58.12,
   2020,     58.33,
   2021,     58.54,
   2022,     58.75,
   2023,     58.96,
   2024,     59.17,
   2025,     59.40,
   2026,     59.62,
   2027,     59.85,
   2028,     60.08,
   2029,     60.42,
   2030,     60.75,
   2031,     61.08,
   2032,     61.42,
   2033,     61.75,
   2034,     62.08,
   2035,     62.31,
   2036,     62.54,
   2037,     62.77,
   2038,     63.00,
   2039,     63.23,
   2040,     63.46,
   2041,     63.69,
   2042,     63.90,
   2043,     64.10,
   2044,     64.31,
   2045,     64.37,
   2046,     64.15,
   2047,     63.92,
   2048,     63.69,
   2049,     63.35,
   2050,     63.02,
   2051,     62.69,
   2052,     62.35,
   2053,     62.02,
   2054,     61.69,
   2055,     61.38,
   2056,     61.06,
   2057,     60.75,
   2058,     60.44,
   2059,     60.13,
   2060,     59.90,
   2061,     59.67,
   2062,     59.46,
   2063,     59.25,
   2064,     59.04,
   2065,     58.71,
   2066,     58.67,
   2067,     58.62,
   2068,     58.58,
   2069,     58.54,
   2070,     58.50,
   2071,     58.46,
   2072,     58.58,
   2073,     58.71,
   2074,     58.83,
   2075,     58.96,
   2076,     59.08,
   2077,     59.35,
   2078,     59.63,
   2079,     59.90,
   2080,     60.08,
   2081,     60.27,
   2082,     60.40,
   2083,     60.52,
   2084,     60.65,
   2085,     60.90,
   2086,     61.12,
   2087,     61.35,
   2088,     61.58,
   2089,     61.81,
   2090,     62.04,
   2091,     62.27,
   2092,     62.31,
   2093,     62.35,
   2094,     62.40,
   2095,     62.44,
   2096,     62.48,
   2097,     62.38,
   2098,     62.27,
   2099,     62.17,
   2100,     62.06,
   2101,     62.29,
   2102,     62.58,
   2103,     62.88,
   2104,     63.17,
   2105,     63.46,
   2106,     63.77,
   2107,     64.08,
   2108,     64.40,
   2109,     64.60,
   2110,     64.81,
   2111,     65.02,
   2112,     65.25,
   2113,     65.48,
   2114,     65.71,
   2115,     65.92,
   2116,     66.12,
   2117,     66.33,
   2118,     66.54,
   2119,     66.75,
   2120,     66.96,
   2121,     66.83,
   2122,     66.71,
   2123,     66.58,
   2124,     66.46,
   2125,     66.33,
   2126,     66.21,
   2127,     66.08,
   2128,     65.96,
   2129,     65.77,
   2130,     65.58,
   2131,     65.40,
   2132,     65.21,
   2133,     65.02,
   2134,     64.83,
   2135,     64.75,
   2136,     64.67,
   2137,     64.58,
   2138,     64.50,
   2139,     64.42,
   2140,     64.33,
   2141,     64.27,
   2142,     64.21,
   2143,     64.15,
   2144,     64.08,
   2145,     64.02,
   2146,     63.96,
   2147,     63.90,
   2148,     63.83,
   2149,     63.90,
   2150,     63.96,
   2151,     64.02,
   2152,     64.08,
   2153,     64.15,
   2154,     64.21,
   2155,     64.19,
   2156,     64.17,
   2157,     63.96,
   2158,     63.75,
   2159,     63.54,
   2160,     63.33,
   2161,     63.10,
   2162,     62.87,
   2163,     62.65,
   2164,     62.42,
   2165,     62.19,
   2166,     61.96,
   2167,     61.69,
   2168,     61.42,
   2169,     61.19,
   2170,     60.96,
   2171,     60.73,
   2172,     60.50,
   2173,     60.27,
   2174,     60.04,
   2175,     59.90,
   2176,     59.75,
   2177,     59.98,
   2178,     60.21,
   2179,     60.44,
   2180,     60.67,
   2181,     60.94,
   2182,     61.21,
   2183,     61.48,
   2184,     61.88,
   2185,     62.27,
   2186,     62.67,
   2187,     63.10,
   2188,     63.54,
   2189,     64.00,
   2190,     64.46,
   2191,     64.92,
   2192,     65.38,
   2193,     65.83,
   2194,     66.29,
   2195,     66.71,
   2196,     67.12,
   2197,     67.35,
   2198,     67.58,
   2199,     67.81,
   2200,     68.04,
   2201,     68.29,
   2202,     68.54,
   2203,     68.79,
   2204,     68.92,
   2205,     69.04,
   2206,     69.35,
   2207,     69.67,
   2208,     69.98,
   2209,     70.27,
   2210,     70.56,
   2211,     70.85,
   2212,     71.15,
   2213,     71.60,
   2214,     72.06,
   2215,     72.48,
   2216,     72.90,
   2217,     73.31,
   2218,     73.73,
   2219,     74.15,
   2220,     74.48,
   2221,     74.75,
   2222,     75.02,
   2223,     75.29,
   2224,     75.50,
   2225,     75.71,
   2226,     75.73,
   2227,     75.75,
   2228,     75.77,
   2229,     75.79,
   2230,     75.81,
   2231,     75.83,
   2232,     75.85,
   2233,     75.71,
   2234,     75.65,
   2235,     75.58,
   2236,     75.52,
   2237,     75.46,
   2238,     75.40,
   2239,     75.33,
   2240,     75.35,
   2241,     75.35,
   2242,     75.35,
   2243,     75.35,
   2244,     75.42,
   2245,     75.48,
   2246,     75.54,
   2247,     75.62,
   2248,     75.71,
   2249,     75.79,
   2250,     75.87,
   2251,     75.96,
   2252,     76.04,
   2253,     76.12,
   2254,     76.12,
   2255,     76.04,
   2256,     75.96,
   2257,     75.87,
   2258,     75.79,
   2259,     75.71,
   2260,     75.62,
   2261,     75.56,
   2262,     75.50,
   2263,     75.44,
   2264,     75.38,
   2265,     75.31,
   2266,     75.25,
   2267,     75.17,
   2268,     74.98,
   2269,     74.79,
   2270,     74.60,
   2271,     74.42,
   2272,     74.23,
   2273,     74.04,
   2274,     73.85,
   2275,     73.75,
   2276,     73.52,
   2277,     73.29,
   2278,     73.06,
   2279,     72.83,
   2280,     72.60,
   2281,     72.37,
   2282,     72.15,
   2283,     71.92,
   2284,     71.69,
   2285,     71.46,
   2286,     71.23,
   2287,     71.00,
   2288,     70.79,
   2289,     70.58,
   2290,     70.37,
   2291,     70.17,
   2292,     69.96,
   2293,     69.75,
   2294,     69.54,
   2295,     69.29,
   2296,     69.17,
   2297,     69.04,
   2298,     68.92,
   2299,     68.79,
   2300,     68.67,
   2301,     68.63,
   2302,     68.58,
   2303,     68.54,
   2304,     68.50,
   2305,     68.46,
   2306,     68.40,
   2307,     68.33,
   2308,     68.35,
   2309,     68.37,
   2310,     68.40,
   2311,     68.42,
   2312,     68.44,
   2313,     68.56,
   2314,     68.69,
   2315,     68.85,
   2316,     69.02,
   2317,     69.19,
   2318,     69.35,
   2319,     69.52,
   2320,     69.69,
   2321,     69.75,
   2322,     69.81,
   2323,     69.88,
   2324,     69.94,
   2325,     70.00,
   2326,     70.08,
   2327,     70.17,
   2328,     70.25,
   2329,     70.33,
   2330,     70.42,
   2331,     70.50,
   2332,     70.58,
   2333,     70.56,
   2334,     70.54,
   2335,     70.52,
   2336,     70.50,
   2337,     70.48,
   2338,     70.60,
   2339,     70.73,
   2340,     70.85,
   2341,     71.00,
   2342,     71.15,
   2343,     71.29,
   2344,     71.15,
   2345,     71.00,
   2346,     70.85,
   2347,     70.71,
   2348,     70.56,
   2349,     70.42,
   2350,     70.27,
   2351,     70.13,
   2352,     69.98,
   2353,     69.83,
   2354,     69.73,
   2355,     69.63,
   2356,     69.52,
   2357,     69.42,
   2358,     69.17,
   2359,     68.92,
   2360,     68.67,
   2361,     68.42,
   2362,     68.17,
   2363,     67.92,
   2364,     67.96,
   2365,     68.00,
   2366,     67.90,
   2367,     67.79,
   2368,     67.69,
   2369,     67.58,
   2370,     67.48,
   2371,     67.38,
   2372,     67.27,
   2373,     67.17,
   2374,     67.02,
   2375,     66.88,
   2376,     66.73,
   2377,     66.52,
   2378,     66.31,
   2379,     66.10,
   2380,     65.90,
   2381,     65.69,
   2382,     65.48,
   2383,     65.27,
   2384,     65.06,
   2385,     64.85,
   2386,     64.79,
   2387,     64.73,
   2388,     64.67,
   2389,     64.60,
   2390,     64.50,
   2391,     64.40,
   2392,     64.29,
   2393,     64.19,
   2394,     64.08,
   2395,     63.98,
   2396,     63.87,
   2397,     63.83,
   2398,     63.79,
   2399,     63.75,
   2400,     63.71,
   2401,     63.52,
   2402,     63.33,
   2403,     63.15,
   2404,     62.96,
   2405,     62.77,
   2406,     62.58,
   2407,     62.40,
   2408,     62.17,
   2409,     61.94,
   2410,     61.75,
   2411,     61.56,
   2412,     61.37,
   2413,     61.19,
   2414,     61.00,
   2415,     60.81,
   2416,     60.90,
   2417,     60.98,
   2418,     61.06,
   2419,     61.15,
   2420,     61.23,
   2421,     61.46,
   2422,     61.69,
   2423,     61.92,
   2424,     62.10,
   2425,     62.29,
   2426,     62.48,
   2427,     62.67,
   2428,     62.90,
   2429,     63.12,
   2430,     63.15,
   2431,     63.17,
   2432,     63.19,
   2433,     63.21,
   2434,     63.23,
   2435,     63.25,
   2436,     63.00,
   2437,     62.71,
   2438,     62.42,
   2439,     62.12,
   2440,     61.83,
   2441,     61.54,
   2442,     61.25,
   2443,     60.96,
   2444,     60.62,
   2445,     60.29,
   2446,     59.96,
   2447,     59.46,
   2448,     58.96,
   2449,     58.46,
   2450,     58.17,
   2451,     57.87,
   2452,     57.58,
   2453,     57.29,
   2454,     57.00,
   2455,     56.71,
   2456,     56.42,
   2457,     56.25,
   2458,     56.08,
   2459,     55.92,
   2460,     55.75,
   2461,     55.58,
   2462,     55.42,
   2463,     55.25,
   2464,     55.17,
   2465,     55.08,
   2466,     55.00,
   2467,     55.08,
   2468,     55.25,
   2469,     55.42,
   2470,     55.58,
   2471,     55.75,
   2472,     55.92,
   2473,     56.08,
   2474,     56.25,
   2475,     56.27,
   2476,     56.29,
   2477,     56.23,
   2478,     56.17,
   2479,     56.10,
   2480,     56.04,
   2481,     55.98,
   2482,     55.73,
   2483,     55.48,
   2484,     55.23,
   2485,     54.98,
   2486,     54.73,
   2487,     54.48,
   2488,     54.15,
   2489,     53.73,
   2490,     53.31,
   2491,     52.90,
   2492,     52.48,
   2493,     52.06,
   2494,     51.65,
   2495,     51.38,
   2496,     51.44,
   2497,     51.50,
   2498,     51.56,
   2499,     51.63,
   2500,     51.69,
   2501,     51.75,
   2502,     52.00,
   2503,     52.25,
   2504,     52.50,
   2505,     52.83,
   2506,     53.17,
   2507,     53.50,
   2508,     53.83,
   2509,     54.25,
   2510,     54.67,
   2511,     55.08,
   2512,     55.50,
   2513,     55.92,
   2514,     56.44,
   2515,     56.96,
   2516,     57.15,
   2517,     57.33,
   2518,     57.73,
   2519,     58.13,
   2520,     58.52,
   2521,     58.92,
   2522,     59.31,
   2523,     59.56,
   2524,     59.81,
   2525,     59.98,
   2526,     60.15,
   2527,     60.40,
   2528,     60.65,
   2529,     60.90,
   2530,     61.15,
   2531,     61.40,
   2532,     61.58,
   2533,     61.77,
   2534,     61.85,
   2535,     61.94,
   2536,     62.02,
   2537,     62.10,
   2538,     61.98,
   2539,     61.85,
   2540,     61.83,
   2541,     61.81,
   2542,     61.79,
   2543,     61.92,
   2544,     62.04,
   2545,     62.17,
   2546,     62.29,
   2547,     62.33,
   2548,     62.46,
   2549,     62.58,
   2550,     62.71,
   2551,     62.83,
   2552,     63.02,
   2553,     63.21,
   2554,     63.40,
   2555,     63.58,
   2556,     63.77,
   2557,     63.60,
   2558,     63.44,
   2559,     63.27,
   2560,     63.00,
   2561,     62.73,
   2562,     62.46,
   2563,     62.19,
   2564,     61.92,
   2565,     61.44,
   2566,     60.96,
   2567,     60.48,
   2568,     59.92,
   2569,     59.35,
   2570,     58.79,
   2571,     58.23,
   2572,     57.67,
   2573,     57.08,
   2574,     56.50,
   2575,     55.92,
   2576,     55.33,
   2577,     55.10,
   2578,     54.69,
   2579,     54.27,
   2580,     53.85,
   2581,     53.44,
   2582,     53.02,
   2583,     52.60,
   2584,     52.23,
   2585,     52.06,
   2586,     51.90,
   2587,     51.73,
   2588,     51.56,
   2589,     51.40,
   2590,     51.23,
   2591,     50.98,
   2592,     50.73,
   2593,     50.50,
   2594,     50.27,
   2595,     50.04,
   2596,     49.81,
   2597,     49.58,
   2598,     49.54,
   2599,     49.60,
   2600,     49.67,
   2601,     49.73,
   2602,     49.79,
   2603,     49.85,
   2604,     49.87,
   2605,     49.83,
   2606,     49.79,
   2607,     49.75,
   2608,     49.71,
   2609,     49.67,
   2610,     49.62,
   2611,     49.44,
   2612,     49.25,
   2613,     49.06,
   2614,     48.87,
   2615,     48.69,
   2616,     48.62,
   2617,     48.56,
   2618,     48.50,
   2619,     48.33,
   2620,     48.17,
   2621,     48.23,
   2622,     48.29,
   2623,     48.35,
   2624,     48.42,
   2625,     48.52,
   2626,     48.62,
   2627,     48.73,
   2628,     48.83,
   2629,     48.94,
   2630,     49.04,
   2631,     49.48,
   2632,     49.92,
   2633,     50.35,
   2634,     50.79,
   2635,     51.23,
   2636,     51.54,
   2637,     51.81,
   2638,     52.08,
   2639,     52.35,
   2640,     52.62,
   2641,     52.67,
   2642,     52.71,
   2643,     52.75,
   2644,     52.79,
   2645,     52.90,
   2646,     53.00,
   2647,     53.10,
   2648,     53.21,
   2649,     53.31,
   2650,     53.42,
   2651,     53.42,
   2652,     53.42,
   2653,     53.42,
   2654,     53.40,
   2655,     53.37,
   2656,     53.35,
   2657,     53.37,
   2658,     53.40,
   2659,     53.42,
   2660,     53.25,
   2661,     53.08,
   2662,     52.92,
   2663,     52.75,
   2664,     52.58,
   2665,     52.37,
   2666,     52.17,
   2667,     51.96,
   2668,     51.75,
   2669,     51.54,
   2670,     51.33,
   2671,     51.10,
   2672,     50.88,
   2673,     50.65,
   2674,     50.44,
   2675,     49.94,
   2676,     49.44,
   2677,     48.94,
   2678,     48.44,
   2679,     47.94,
   2680,     47.46,
   2681,     46.98,
   2682,     46.50,
   2683,     46.02,
   2684,     45.54,
   2685,     45.06,
   2686,     44.58,
   2687,     44.10,
   2688,     43.29,
   2689,     42.48,
   2690,     41.67,
   2691,     40.88,
   2692,     40.08,
   2693,     39.29,
   2694,     38.50,
   2695,     37.75,
   2696,     37.00,
   2697,     36.25,
   2698,     35.50,
   2699,     34.60,
   2700,     33.87,
   2701,     33.15,
   2702,     32.42,
   2703,     31.69,
   2704,     30.96,
   2705,     30.15,
   2706,     29.33,
   2707,     28.52,
   2708,     28.04,
   2709,     27.56,
   2710,     27.08,
   2711,     26.60,
   2712,     26.12,
   2713,     25.65,
   2714,     25.17,
   2715,     25.00,
   2716,     24.83,
   2717,     24.67,
   2718,     24.50,
   2719,     24.48,
   2720,     24.46,
   2721,     24.44,
   2722,     24.42,
   2723,     24.40,
   2724,     24.38,
   2725,     24.27,
   2726,     24.17,
   2727,     24.06,
   2728,     23.96,
   2729,     23.85,
   2730,     23.75,
   2731,     23.65,
   2732,     23.54,
   2733,     23.21,
   2734,     22.88,
   2735,     22.48,
   2736,     22.08,
   2737,     21.69,
   2738,     21.29,
   2739,     20.90,
   2740,     20.50,
   2741,     20.10,
   2742,     19.71,
   2743,     19.27,
   2744,     18.83,
   2745,     18.56,
   2746,     18.29,
   2747,     18.02,
   2748,     17.75,
   2749,     17.48,
   2750,     17.21,
   2751,     16.94,
   2752,     16.67,
   2753,     16.63,
   2754,     16.58,
   2755,     16.38,
   2756,     16.17,
   2757,     15.96,
   2758,     15.75,
   2759,     15.54,
   2760,     15.33,
   2761,     15.13,
   2762,     14.92,
   2763,     14.75,
   2764,     14.63,
   2765,     14.50,
   2766,     14.38,
   2767,     14.25,
   2768,     14.13,
   2769,     13.94,
   2770,     13.75,
   2771,     13.56,
   2772,     13.27,
   2773,     12.98,
   2774,     12.69,
   2775,     12.56,
   2776,     12.29,
   2777,     12.02,
   2778,     11.75,
   2779,     11.48,
   2780,     11.21,
   2781,     10.94,
   2782,     10.67,
   2783,     10.40,
   2784,     10.08,
   2785,      9.77,
   2786,      9.31,
   2787,      8.85,
   2788,      8.40,
   2789,      8.00,
   2790,      7.60,
   2791,      7.21,
   2792,      6.92,
   2793,      6.62,
   2794,      6.33,
   2795,      6.04,
   2796,      5.90,
   2797,      5.83,
   2798,      5.77,
   2799,      5.71,
   2800,      5.65,
   2801,      5.58,
   2802,      5.56,
   2803,      5.54,
   2804,      5.52,
   2805,      5.50,
   2806,      5.62,
   2807,      5.75,
   2808,      5.87,
   2809,      6.00,
   2810,      6.12,
   2811,      6.23,
   2812,      6.33,
   2813,      6.44,
   2814,      6.54,
   2815,      6.65,
   2816,      6.75,
   2817,      6.77,
   2818,      6.79,
   2819,      6.81,
   2820,      6.83,
   2821,      6.85,
   2822,      6.92,
   2823,      6.98,
   2824,      7.04,
   2825,      7.10,
   2826,      7.17,
   2827,      7.23,
   2828,      7.27,
   2829,      7.31,
   2830,      7.35,
   2831,      7.42,
   2832,      7.58,
   2833,      7.75,
   2834,      7.92,
   2835,      8.08,
   2836,      8.35,
   2837,      8.63,
   2838,      8.90,
   2839,      9.19,
   2840,      9.48,
   2841,      9.77,
   2842,      9.98,
   2843,     10.19,
   2844,     10.44,
   2845,     10.69,
   2846,     10.94,
   2847,     11.19,
   2848,     11.46,
   2849,     11.65,
   2850,     11.83,
   2851,     12.02,
   2852,     12.10,
   2853,     12.19,
   2854,     12.27,
   2855,     12.35,
   2856,     12.33,
   2857,     12.25,
   2858,     12.17,
   2859,     12.06,
   2860,     11.96,
   2861,     11.85,
   2862,     11.69,
   2863,     11.52,
   2864,     11.31,
   2865,     11.06,
   2866,     10.81,
   2867,     10.56,
   2868,     10.31,
   2869,     10.15,
   2870,      9.92,
   2871,      9.69,
   2872,      9.46,
   2873,      9.23,
   2874,      9.00,
   2875,      8.67,
   2876,      8.33,
   2877,      8.06,
   2878,      7.79,
   2879,      7.52,
   2880,      7.29,
   2881,      7.06,
   2882,      6.90,
   2883,      6.73,
   2884,      6.56,
   2885,      6.44,
   2886,      6.31,
   2887,      6.19,
   2888,      6.06,
   2889,      5.94,
   2890,      5.88,
   2891,      5.79,
   2892,      5.71,
   2893,      5.63,
   2894,      5.54,
   2895,      5.56,
   2896,      5.58,
   2897,      5.60,
   2898,      5.56,
   2899,      5.52,
   2900,      5.44,
   2901,      5.35,
   2902,      5.27,
   2903,      5.19,
   2904,      5.10,
   2905,      5.02,
   2906,      4.96,
   2907,      4.90,
   2908,      4.83,
   2909,      4.77,
   2910,      4.77,
   2911,      4.79,
   2912,      4.81,
   2913,      4.79,
   2914,      4.77,
   2915,      4.75,
   2916,      4.73,
   2917,      4.69,
   2918,      4.71,
   2919,      4.73,
   2920,      4.75,
   2921,      4.77,
   2922,      4.79,
   2923,      4.75,
   2924,      4.71,
   2925,      4.67,
   2926,      4.60,
   2927,      4.54,
   2928,      4.48,
   2929,      4.37,
   2930,      4.21,
   2931,      4.04,
   2932,      3.88,
   2933,      3.75,
   2934,      3.63,
   2935,      3.56,
   2936,      3.50,
   2937,      3.46,
   2938,      3.42,
   2939,      3.37,
   2940,      3.33,
   2941,      3.33,
   2942,      3.33,
   2943,      3.40,
   2944,      3.46,
   2945,      3.52,
   2946,      3.58,
   2947,      3.65,
   2948,      3.71,
   2949,      3.77,
   2950,      3.83,
   2951,      3.90,
   2952,      3.96,
   2953,      4.02,
   2954,      4.08,
   2955,      4.02,
   2956,      3.96,
   2957,      3.90,
   2958,      3.83,
   2959,      3.77,
   2960,      3.71,
   2961,      3.60,
   2962,      3.50,
   2963,      3.40,
   2964,      3.29,
   2965,      3.19,
   2966,      3.08,
   2967,      2.98,
   2968,      2.88,
   2969,      2.81,
   2970,      2.75,
   2971,      2.69,
   2972,      2.63,
   2973,      2.56,
   2974,      2.50,
   2975,      2.48,
   2976,      2.46,
   2977,      2.44,
   2978,      2.42,
   2979,      2.40,
   2980,      2.37,
   2981,      2.35,
   2982,      2.33,
   2983,      2.31,
   2984,      2.29,
   2985,      2.27,
   2986,      2.25,
   2987,      2.23,
   2988,      2.21,
   2989,      2.19,
   2990,      2.17,
   2991,      2.15,
   2992,      2.12,
   2993,      2.10,
   2994,      2.08,
   2995,      2.04,
   2996,      2.00,
   2997,      1.96,
   2998,      1.87,
   2999,      1.79,
   3000,      1.71,
   3001,      1.62,
   3002,      1.54,
   3003,      1.46,
   3004,      1.37,
   3005,      1.29,
   3006,      1.21,
   3007,      1.15,
   3008,      1.08,
   3009,      1.02,
   3010,      0.96,
   3011,      0.90,
   3012,      0.83,
   3013,      0.77,
   3014,      0.73,
   3015,      0.73,
   3016,      0.73,
   3017,      0.73,
   3018,      0.77,
   3019,      0.81,
   3020,      0.85,
   3021,      0.90,
   3022,      0.94,
   3023,      0.98,
   3024,      1.02,
   3025,      1.06,
   3026,      1.10,
   3027,      1.13,
   3028,      1.15,
   3029,      1.17,
   3030,      1.19,
   3031,      1.21,
   3032,      1.23,
   3033,      1.25,
   3034,      1.25,
   3035,      1.25,
   3036,      1.25,
   3037,      1.25,
   3038,      1.25,
   3039,      1.25,
   3040,      1.27,
   3041,      1.29,
   3042,      1.31,
   3043,      1.33,
   3044,      1.35,
   3045,      1.37,
   3046,      1.40,
   3047,      1.42,
   3048,      1.44,
   3049,      1.46,
   3050,      1.48,
   3051,      1.50,
   3052,      1.52,
   3053,      1.54,
   3054,      1.56,
   3055,      1.58,
   3056,      1.60,
   3057,      1.62,
   3058,      1.65,
   3059,      1.67,
   3060,      1.67,
   3061,      1.67,
   3062,      1.67,
   3063,      1.67,
   3064,      1.67,
   3065,      1.67,
   3066,      1.67,
   3067,      1.67,
   3068,      1.67,
   3069,      1.67,
   3070,      1.67,
   3071,      1.67,
   3072,      1.67,
   3073,      1.67,
   3074,      1.67,
   3075,      1.67,
   3076,      1.67,
   3077,      1.67,
   3078,      1.67,
   3079,      1.67,
   3080,      1.67,
   3081,      1.67,
   3082,      1.67,
   3083,      1.69,
   3084,      1.71,
   3085,      1.73,
   3086,      1.75,
   3087,      1.77,
   3088,      1.79,
   3089,      1.81,
   3090,      1.83,
   3091,      1.85,
   3092,      1.87,
   3093,      1.90,
   3094,      1.92,
   3095,      1.94,
   3096,      1.96,
   3097,      1.98,
   3098,      2.02,
   3099,      2.06,
   3100,      2.10,
   3101,      2.15,
   3102,      2.19,
   3103,      2.21,
   3104,      2.23,
   3105,      2.25,
   3106,      2.27,
   3107,      2.29,
   3108,      2.31,
   3109,      2.33,
   3110,      2.35,
   3111,      2.36,
   3112,      2.38,
   3113,      2.40,
   3114,      2.42,
   3115,      2.44,
   3116,      2.47,
   3117,      2.50,
   3118,      2.50,
